c:\program files\git\pdi\hsv\hsv\debug\vc120.pdb
c:\program files\git\pdi\hsv\hsv\debug\source.obj
c:\program files\git\pdi\hsv\hsv\debug\myform.obj
c:\program files\git\pdi\hsv\hsv\debug\.netframework,version=v4.5.assemblyattributes.obj
c:\program files\git\pdi\hsv\hsv\debug\myform1.obj
c:\program files\git\pdi\hsv\hsv\debug\hsv.myform.resources
c:\program files\git\pdi\hsv\hsv\debug\hsv.myform1.resources
c:\program files\git\pdi\hsv\hsv\debug\hsv.vcxproj.generateresource.cache
c:\program files\git\pdi\hsv\hsv\debug\hsv.vcxprojresolveassemblyreference.cache
c:\program files\git\pdi\hsv\debug\hsv.pdb
c:\program files\git\pdi\hsv\debug\hsv.exe
c:\program files\git\pdi\hsv\hsv\debug\hsv.tlog\cl.command.1.tlog
c:\program files\git\pdi\hsv\hsv\debug\hsv.tlog\cl.read.1.tlog
c:\program files\git\pdi\hsv\hsv\debug\hsv.tlog\cl.write.1.tlog
c:\program files\git\pdi\hsv\hsv\debug\hsv.tlog\hsv.write.1u.tlog
c:\program files\git\pdi\hsv\hsv\debug\hsv.tlog\link.command.1.tlog
c:\program files\git\pdi\hsv\hsv\debug\hsv.tlog\link.read.1.tlog
c:\program files\git\pdi\hsv\hsv\debug\hsv.tlog\link.write.1.tlog
c:\program files\git\pdi\hsv\hsv\debug\hsv.tlog\metagen.read.1.tlog
c:\program files\git\pdi\hsv\hsv\debug\hsv.tlog\metagen.write.1.tlog
c:\program files\git\pdi\hsv\hsv\debug\hsv.tlog\tzres.dll.bi
